0 info it worked if it ends with ok
1 verbose cli [
1 verbose cli   'D:\\web\\node.exe',
1 verbose cli   'D:\\web\\node_modules\\npm\\bin\\npm-cli.js',
1 verbose cli   'run',
1 verbose cli   'deploy'
1 verbose cli ]
2 info using npm@6.14.15
3 info using node@v14.18.1
4 verbose run-script [ 'predeploy', 'deploy', 'postdeploy' ]
5 info lifecycle react-for-beginners@0.1.0~predeploy: react-for-beginners@0.1.0
6 verbose lifecycle react-for-beginners@0.1.0~predeploy: unsafe-perm in lifecycle true
7 verbose lifecycle react-for-beginners@0.1.0~predeploy: PATH: D:\web\node_modules\npm\node_modules\npm-lifecycle\node-gyp-bin;C:\web\pratice-react\nomadcoder-movie-app\react-for-beginners\node_modules\.bin;C:\Users\minhee yoo;C:\Python310\;C:\Windows\system32;C:\Windows;C:\Windows\System32\Wbem;C:\Windows\System32\WindowsPowerShell\v1.0\;C:\Windows\System32\OpenSSH\;C:\Program Files\Microsoft SQL Server\130\Tools\Binn\;C:\Program Files\TortoiseSVN\bin;D:\web\;C:\ProgramData\chocolatey\bin;C:\Program Files\Git\cmd;C:\Windows\system32\wbem;C:\Program Files (x86)\IVT Corporation\BlueSoleil\Mobile;C:\Users\minhee yoo\node_modules\.bin;C:\Program Files\Bandizip\;C:\Users\minhee yoo\node_modules\.bin;C:\Users\minhee yoo\AppData\Local\Programs\Microsoft VS Code\bin;D:\web\;C:\Users\minhee yoo\AppData\Roaming\npm;C:\Users\minhee yoo\Desktop;C:\Users\minhee yoo;
8 verbose lifecycle react-for-beginners@0.1.0~predeploy: CWD: C:\web\pratice-react\nomadcoder-movie-app\react-for-beginners
9 silly lifecycle react-for-beginners@0.1.0~predeploy: Args: [ '/d /s /c', 'npm run build' ]
10 silly lifecycle react-for-beginners@0.1.0~predeploy: Returned: code: 0  signal: null
11 info lifecycle react-for-beginners@0.1.0~deploy: react-for-beginners@0.1.0
12 verbose lifecycle react-for-beginners@0.1.0~deploy: unsafe-perm in lifecycle true
13 verbose lifecycle react-for-beginners@0.1.0~deploy: PATH: D:\web\node_modules\npm\node_modules\npm-lifecycle\node-gyp-bin;C:\web\pratice-react\nomadcoder-movie-app\react-for-beginners\node_modules\.bin;C:\Users\minhee yoo;C:\Python310\;C:\Windows\system32;C:\Windows;C:\Windows\System32\Wbem;C:\Windows\System32\WindowsPowerShell\v1.0\;C:\Windows\System32\OpenSSH\;C:\Program Files\Microsoft SQL Server\130\Tools\Binn\;C:\Program Files\TortoiseSVN\bin;D:\web\;C:\ProgramData\chocolatey\bin;C:\Program Files\Git\cmd;C:\Windows\system32\wbem;C:\Program Files (x86)\IVT Corporation\BlueSoleil\Mobile;C:\Users\minhee yoo\node_modules\.bin;C:\Program Files\Bandizip\;C:\Users\minhee yoo\node_modules\.bin;C:\Users\minhee yoo\AppData\Local\Programs\Microsoft VS Code\bin;D:\web\;C:\Users\minhee yoo\AppData\Roaming\npm;C:\Users\minhee yoo\Desktop;C:\Users\minhee yoo;
14 verbose lifecycle react-for-beginners@0.1.0~deploy: CWD: C:\web\pratice-react\nomadcoder-movie-app\react-for-beginners
15 silly lifecycle react-for-beginners@0.1.0~deploy: Args: [ '/d /s /c', 'gh-pages -d build' ]
16 silly lifecycle react-for-beginners@0.1.0~deploy: Returned: code: 1  signal: null
17 info lifecycle react-for-beginners@0.1.0~deploy: Failed to exec deploy script
18 verbose stack Error: react-for-beginners@0.1.0 deploy: `gh-pages -d build`
18 verbose stack Exit status 1
18 verbose stack     at EventEmitter.<anonymous> (D:\web\node_modules\npm\node_modules\npm-lifecycle\index.js:332:16)
18 verbose stack     at EventEmitter.emit (events.js:400:28)
18 verbose stack     at ChildProcess.<anonymous> (D:\web\node_modules\npm\node_modules\npm-lifecycle\lib\spawn.js:55:14)
18 verbose stack     at ChildProcess.emit (events.js:400:28)
18 verbose stack     at maybeClose (internal/child_process.js:1058:16)
18 verbose stack     at Process.ChildProcess._handle.onexit (internal/child_process.js:293:5)
19 verbose pkgid react-for-beginners@0.1.0
20 verbose cwd C:\web\pratice-react\nomadcoder-movie-app\react-for-beginners
21 verbose Windows_NT 10.0.19045
22 verbose argv "D:\\web\\node.exe" "D:\\web\\node_modules\\npm\\bin\\npm-cli.js" "run" "deploy"
23 verbose node v14.18.1
24 verbose npm  v6.14.15
25 error code ELIFECYCLE
26 error errno 1
27 error react-for-beginners@0.1.0 deploy: `gh-pages -d build`
27 error Exit status 1
28 error Failed at the react-for-beginners@0.1.0 deploy script.
28 error This is probably not a problem with npm. There is likely additional logging output above.
29 verbose exit [ 1, true ]
